Drill Listing
=============
Drill: .00984  Tool: 1  Feed: 0  Speed: 0
X 403937  Y 438582
X 403937  Y 447244
X 404330  Y 451574
X 404330  Y 455511
X 420275  Y 458661
X 416338  Y 461614
X 412401  Y 465551
X 412204  Y 495275
X 421653  Y 496062
X 414173  Y 497244
X 410629  Y 498031
X 416141  Y 499212
X 409448  Y 500787
X 410433  Y 509645
X 405511  Y 511023
X 414960  Y 511811
X 407185  Y 513779
X 422244  Y 523425
X 414370  Y 523622
X 422244  Y 525590
X 399409  Y 532480
X 407480  Y 533464
X 407480  Y 536417
X 399409  Y 538385
X 408464  Y 543307
X 422440  Y 547244
X 422440  Y 549409
X 408464  Y 552165
X 417814  Y 556102
X 408267  Y 556102
X 414173  Y 558070
X 417814  Y 562007
X 408464  Y 562992
X 407283  Y 569881
X 416791  Y 571850
X 407480  Y 573622
X 420275  Y 576771
X 412401  Y 578740
X 409251  Y 581692
X 420275  Y 584645
X 400000  Y 585433
X 402952  Y 594488
X 408070  Y 594488
X 400590  Y 661417
X 426181  Y 664370
X 444881  Y 659448
X 444881  Y 656692
X 433070  Y 604921
X 430708  Y 604921
X 430708  Y 602755
X 433070  Y 602755
X 436614  Y 600000
X 446653  Y 600000
X 445078  Y 595472
X 427755  Y 595472
X 444881  Y 584645
X 432086  Y 583858
X 426791  Y 583858
X 440354  Y 580708
X 429133  Y 576771
X 440354  Y 576771
X 426791  Y 571850
X 440944  Y 570866
X 436023  Y 569881
X 432677  Y 565354
X 436515  Y 563976
X 425196  Y 561023
X 424409  Y 558070
X 432677  Y 555511
X 424803  Y 549409
X 424606  Y 547244
X 438779  Y 544685
X 434251  Y 541535
X 434251  Y 536811
X 443897  Y 533858
X 445866  Y 529921
X 440157  Y 529133
X 431496  Y 525196
X 438582  Y 524606
X 427165  Y 524409
X 444881  Y 523622
X 427165  Y 522047
X 438582  Y 520669
X 444881  Y 520472
X 427755  Y 518700
X 444881  Y 517322
X 437007  Y 513779
X 427755  Y 513779
X 435039  Y 512204
X 438976  Y 512204
X 432086  Y 510039
X 436023  Y 500787
X 432086  Y 500787
X 438976  Y 500787
X 446850  Y 498622
X 443897  Y 498622
X 423622  Y 498031
X 425984  Y 498031
X 429133  Y 498031
X 436220  Y 495275
X 426968  Y 493700
X 430826  Y 493700
X 424212  Y 493700
X 442874  Y 493011
X 438858  Y 492913
X 446850  Y 472047
X 442913  Y 471259
X 433070  Y 439370
X 444881  Y 433070
X 440944  Y 433070
X 430314  Y 432677
X 427559  Y 432677
X 437598  Y 431496
X 427165  Y 428149
X 444881  Y 423228
X 440944  Y 423228
X 429133  Y 423228
X 432086  Y 423228
X 433562  Y 417322
X 442519  Y 417322
X 439714  Y 413779
X 439714  Y 405511
X 435531  Y 404035
X 446358  Y 404035
X 453740  Y 404035
X 462598  Y 408956
X 449950  Y 414173
X 448818  Y 424015
X 448818  Y 428149
X 448425  Y 435039
X 455708  Y 471259
X 451771  Y 472047
X 463661  Y 492913
X 470905  Y 492913
X 454921  Y 492913
X 458937  Y 492913
X 460629  Y 509448
X 457677  Y 509448
X 466535  Y 510236
X 470472  Y 510433
X 448818  Y 517322
X 452755  Y 517322
X 471850  Y 518110
X 466732  Y 518110
X 448818  Y 520472
X 452755  Y 520472
X 452755  Y 523622
X 448818  Y 523622
X 449803  Y 530118
X 467519  Y 530905
X 452755  Y 533464
X 457480  Y 533464
X 460236  Y 537401
X 447834  Y 544094
X 457677  Y 544094
X 452755  Y 544094
X 464566  Y 551181
X 462598  Y 553543
X 460236  Y 555511
X 457677  Y 558562
X 453248  Y 558562
X 462106  Y 561515
X 462106  Y 563976
X 465059  Y 566929
X 447834  Y 581692
X 451771  Y 582677
X 456692  Y 582677
X 464566  Y 584251
X 466535  Y 593503
X 471456  Y 593503
X 453149  Y 594094
X 453149  Y 596850
X 458267  Y 599409
X 453740  Y 600393
X 459448  Y 601968
X 461811  Y 601968
X 464173  Y 601968
X 472047  Y 602362
X 453740  Y 604330
X 464173  Y 605118
X 459448  Y 605118
X 472047  Y 605314
X 453740  Y 606692
X 453740  Y 609055
X 453740  Y 611811
X 448031  Y 656692
X 448031  Y 659448
X 469488  Y 662401
X 486220  Y 665354
X 490157  Y 602362
X 476968  Y 600984
X 482086  Y 600984
X 484251  Y 587598
X 473425  Y 582677
X 490551  Y 580511
X 482086  Y 579724
X 490551  Y 577755
X 479921  Y 561023
X 477755  Y 561023
X 473425  Y 561023
X 475590  Y 561023
X 479762  Y 557301
X 474409  Y 557283
X 482086  Y 557283
X 474409  Y 555118
X 477362  Y 555118
X 490551  Y 552165
X 481299  Y 534448
X 490551  Y 532480
X 472933  Y 531889
X 479330  Y 519488
X 490551  Y 512795
X 490551  Y 508661
X 477559  Y 492913
X 487204  Y 491338
X 474803  Y 486220

Drill: .01575  Tool: 2  Feed: 95  Speed: 300
X 397637  Y 403543
X 401574  Y 408464
X 401574  Y 413385
X 407480  Y 413385
X 397637  Y 416929
X 419291  Y 417322
X 407480  Y 419291
X 407480  Y 431102
X 421850  Y 434645
X 414763  Y 434842
X 418307  Y 434842
X 413779  Y 439370
X 397637  Y 446456
X 415354  Y 446850
X 415354  Y 454724
X 414862  Y 529527
X 422244  Y 534448
X 422244  Y 538385
X 409448  Y 548228
X 416830  Y 552165
X 405511  Y 598425
X 405511  Y 604330
X 400000  Y 604330
X 411417  Y 604330
X 409448  Y 645669
X 414862  Y 645669
X 418307  Y 650098
X 411909  Y 650098
X 403051  Y 650098
X 415846  Y 653543
X 407480  Y 654035
X 434547  Y 661909
X 439960  Y 661909
X 428149  Y 659448
X 439960  Y 654330
X 423228  Y 653543
X 428149  Y 651574
X 428149  Y 646653
X 439566  Y 604330
X 442913  Y 604330
X 446259  Y 604330
X 447342  Y 576279
X 428937  Y 553543
X 433562  Y 548228
X 430118  Y 538385
X 426181  Y 538385
X 430118  Y 534448
X 426181  Y 534448
X 425196  Y 529527
X 433070  Y 529527
X 433267  Y 517716
X 427165  Y 469488
X 438976  Y 469488
X 427165  Y 462598
X 438976  Y 462598
X 423228  Y 454724
X 438976  Y 450787
X 423228  Y 446850
X 431102  Y 446850
X 427165  Y 437007
X 426181  Y 410433
X 464566  Y 415354
X 456692  Y 427165
X 464566  Y 427165
X 464566  Y 438976
X 456692  Y 438976
X 448818  Y 450787
X 456692  Y 450787
X 464566  Y 450787
X 464566  Y 462598
X 456692  Y 462598
X 448818  Y 462598
X 449409  Y 468307
X 463779  Y 498425
X 470472  Y 499015
X 457185  Y 499507
X 465551  Y 538385
X 472440  Y 541338
X 462106  Y 546259
X 472440  Y 548228
X 469980  Y 555118
X 461122  Y 595472
X 458858  Y 612401
X 462204  Y 612401
X 465551  Y 612401
X 462401  Y 618110
X 459055  Y 618110
X 459055  Y 622047
X 462401  Y 622047
X 461614  Y 652559
X 469980  Y 654035
X 465551  Y 656496
X 461614  Y 656496
X 461614  Y 660433
X 465551  Y 660433
X 488681  Y 656496
X 478838  Y 654035
X 488681  Y 649606
X 479921  Y 614566
X 476377  Y 614566
X 480314  Y 610236
X 476377  Y 610236
X 483759  Y 604330
X 476377  Y 604330
X 477854  Y 595472
X 492125  Y 593503
X 483759  Y 593503
X 492125  Y 585629
X 479822  Y 544291
X 474409  Y 535433
X 483267  Y 505905
X 481299  Y 498031
X 492125  Y 484251
X 484251  Y 484251
X 492125  Y 472440
X 476377  Y 472440
X 484251  Y 472440
X 492125  Y 462598
X 474409  Y 462598
X 484251  Y 462598
X 474409  Y 450787
X 492125  Y 450787
X 484251  Y 450787
X 474409  Y 438976
X 484251  Y 438976
X 492125  Y 438976
X 492125  Y 427165
X 474409  Y 427165
X 484251  Y 427165
X 484251  Y 415354
X 492125  Y 415354
X 474409  Y 415354
X 492125  Y 403543

Drill: .02165  Tool: 3  Feed: 197  Speed: 550
X 398622  Y 422736
X 398622  Y 427657
X 398622  Y 432578
X 398622  Y 437500

Drill: .0315  Tool: 4  Feed: 197  Speed: 550
X 430659  Y 398031
X 459005  Y 398031
X 459005  Y 400787
X 430659  Y 400787

Drill: .03346  Tool: 5  Feed: 197  Speed: 550
X 435285  Y 410826
X 454379  Y 410826

Drill: .03543  Tool: 6  Feed: 197  Speed: 550
X 398622  Y 454724
X 398622  Y 462598
X 398622  Y 470472
X 398622  Y 478346
X 398622  Y 496062
X 398622  Y 503937

Drill: .03937  Tool: 7  Feed: 197  Speed: 550
X 403543  Y 613188
X 403543  Y 623031
X 421259  Y 623031
X 421259  Y 632874
X 403543  Y 632874
X 403543  Y 642716
X 421259  Y 642716
X 468503  Y 642716
X 486220  Y 642716
X 486220  Y 632874
X 468503  Y 632874
X 468503  Y 623031
X 486220  Y 623031
X 486220  Y 613188

Drill: .12795  Tool: 8  Feed: 35  Speed: 794
X 419881  Y 403858
X 469881  Y 403858

End of Listing
